<?xml version="1.0" encoding="UTF-8"?>
<testng-results ignored="0" total="1" passed="1" failed="0" skipped="0">
  <reporter-output>
  </reporter-output>
  <suite started-at="2023-10-23T11:37:28 EET" name="Default suite" finished-at="2023-10-23T11:37:32 EET" duration-ms="4040">
    <groups>
    </groups>
    <test started-at="2023-10-23T11:37:28 EET" name="Default test" finished-at="2023-10-23T11:37:32 EET" duration-ms="4040">
      <class name="magento.SignUpProsses">
        <test-method is-config="true" signature="mySetup()[pri:0, instance:magento.SignUpProsses@305f7627]" started-at="2023-10-23T11:37:28 EET" name="mySetup" finished-at="2023-10-23T11:37:31 EET" duration-ms="3653" status="PASS">
          <reporter-output>
          </reporter-output>
        </test-method> <!-- mySetup -->
        <test-method signature="myTest()[pri:0, instance:magento.SignUpProsses@305f7627]" started-at="2023-10-23T11:37:31 EET" name="myTest" finished-at="2023-10-23T11:37:32 EET" duration-ms="365" status="PASS">
          <reporter-output>
          </reporter-output>
        </test-method> <!-- myTest -->
        <test-method is-config="true" signature="myAfter()[pri:0, instance:magento.SignUpProsses@305f7627]" started-at="2023-10-23T11:37:32 EET" name="myAfter" finished-at="2023-10-23T11:37:32 EET" duration-ms="0" status="PASS">
          <reporter-output>
          </reporter-output>
        </test-method> <!-- myAfter -->
      </class> <!-- magento.SignUpProsses -->
    </test> <!-- Default test -->
  </suite> <!-- Default suite -->
</testng-results>
