<?xml version="1.0" encoding="UTF-8"?>
<testng-results ignored="0" total="1" passed="1" failed="0" skipped="0">
  <reporter-output>
  </reporter-output>
  <suite started-at="2023-11-20T16:33:20 EET" name="Default suite" finished-at="2023-11-20T16:33:23 EET" duration-ms="2914">
    <groups>
    </groups>
    <test started-at="2023-11-20T16:33:20 EET" name="Default test" finished-at="2023-11-20T16:33:23 EET" duration-ms="2914">
      <class name="magento.SignUpProsses">
        <test-method is-config="true" signature="mySetup()[pri:0, instance:magento.SignUpProsses@51e8e6e6]" started-at="2023-11-20T16:33:20 EET" name="mySetup" finished-at="2023-11-20T16:33:22 EET" duration-ms="2381" status="PASS">
          <reporter-output>
          </reporter-output>
        </test-method> <!-- mySetup -->
        <test-method signature="myTest()[pri:0, instance:magento.SignUpProsses@51e8e6e6]" started-at="2023-11-20T16:33:22 EET" name="myTest" finished-at="2023-11-20T16:33:23 EET" duration-ms="507" status="PASS">
          <reporter-output>
          </reporter-output>
        </test-method> <!-- myTest -->
        <test-method is-config="true" signature="myAfter()[pri:0, instance:magento.SignUpProsses@51e8e6e6]" started-at="2023-11-20T16:33:23 EET" name="myAfter" finished-at="2023-11-20T16:33:23 EET" duration-ms="0" status="PASS">
          <reporter-output>
          </reporter-output>
        </test-method> <!-- myAfter -->
      </class> <!-- magento.SignUpProsses -->
    </test> <!-- Default test -->
  </suite> <!-- Default suite -->
</testng-results>
